{"C:\\Users\\kfir2\\Desktop\\Teachers_Pet_Web\\Teachers_Pet_Web\\src\\server.ts": {"path":"C:\\Users\\kfir2\\Desktop\\Teachers_Pet_Web\\Teachers_Pet_Web\\src\\server.ts","statementMap":{"0":{"start":{"line":1,"column":0},"end":{"line":1,"column":43}},"1":{"start":{"line":2,"column":0},"end":{"line":2,"column":43}},"2":{"start":{"line":3,"column":0},"end":{"line":3,"column":41}},"3":{"start":{"line":4,"column":0},"end":{"line":4,"column":28}},"4":{"start":{"line":5,"column":0},"end":{"line":5,"column":32}},"5":{"start":{"line":6,"column":0},"end":{"line":6,"column":37}},"6":{"start":{"line":7,"column":0},"end":{"line":7,"column":52}},"7":{"start":{"line":8,"column":0},"end":{"line":8,"column":46}},"8":{"start":{"line":9,"column":0},"end":{"line":9,"column":46}},"9":{"start":{"line":10,"column":0},"end":{"line":10,"column":44}},"10":{"start":{"line":11,"column":0},"end":{"line":11,"column":40}},"11":{"start":{"line":13,"column":0},"end":{"line":13,"column":16}},"12":{"start":{"line":14,"column":21},"end":{"line":14,"column":30}},"13":{"start":{"line":15,"column":13},"end":{"line":15,"column":29}},"14":{"start":{"line":17,"column":0},"end":{"line":17,"column":47}},"15":{"start":{"line":18,"column":11},"end":{"line":18,"column":30}},"16":{"start":{"line":20,"column":0},"end":{"line":20,"column":48}},"17":{"start":{"line":20,"column":26},"end":{"line":20,"column":46}},"18":{"start":{"line":21,"column":0},"end":{"line":21,"column":60}},"19":{"start":{"line":21,"column":22},"end":{"line":21,"column":58}},"20":{"start":{"line":23,"column":0},"end":{"line":23,"column":27}},"21":{"start":{"line":24,"column":0},"end":{"line":24,"column":51}},"22":{"start":{"line":26,"column":0},"end":{"line":26,"column":36}},"23":{"start":{"line":27,"column":0},"end":{"line":27,"column":30}},"24":{"start":{"line":28,"column":0},"end":{"line":28,"column":30}},"25":{"start":{"line":29,"column":0},"end":{"line":29,"column":28}},"26":{"start":{"line":30,"column":0},"end":{"line":30,"column":24}},"27":{"start":{"line":32,"column":23},"end":{"line":48,"column":1}},"28":{"start":{"line":33,"column":27},"end":{"line":44,"column":6}},"29":{"start":{"line":45,"column":18},"end":{"line":45,"column":46}},"30":{"start":{"line":46,"column":4},"end":{"line":46,"column":66}},"31":{"start":{"line":32,"column":13},"end":{"line":32,"column":23}},"32":{"start":{"line":50,"column":23},"end":{"line":61,"column":1}},"33":{"start":{"line":51,"column":2},"end":{"line":60,"column":5}},"34":{"start":{"line":52,"column":4},"end":{"line":59,"column":9}},"35":{"start":{"line":55,"column":8},"end":{"line":55,"column":21}},"36":{"start":{"line":58,"column":8},"end":{"line":58,"column":20}},"37":{"start":{"line":50,"column":13},"end":{"line":50,"column":23}}},"fnMap":{"0":{"name":"(anonymous_1)","decl":{"start":{"line":20,"column":15},"end":{"line":20,"column":16}},"loc":{"start":{"line":20,"column":26},"end":{"line":20,"column":46}}},"1":{"name":"(anonymous_2)","decl":{"start":{"line":21,"column":16},"end":{"line":21,"column":19}},"loc":{"start":{"line":21,"column":22},"end":{"line":21,"column":58}}},"2":{"name":"(anonymous_3)","decl":{"start":{"line":32,"column":23},"end":{"line":32,"column":24}},"loc":{"start":{"line":32,"column":40},"end":{"line":48,"column":1}}},"3":{"name":"(anonymous_4)","decl":{"start":{"line":50,"column":23},"end":{"line":50,"column":26}},"loc":{"start":{"line":50,"column":28},"end":{"line":61,"column":1}}},"4":{"name":"(anonymous_5)","decl":{"start":{"line":51,"column":30},"end":{"line":51,"column":31}},"loc":{"start":{"line":51,"column":50},"end":{"line":60,"column":3}}},"5":{"name":"(anonymous_6)","decl":{"start":{"line":54,"column":12},"end":{"line":54,"column":15}},"loc":{"start":{"line":54,"column":17},"end":{"line":56,"column":7}}},"6":{"name":"(anonymous_7)","decl":{"start":{"line":57,"column":13},"end":{"line":57,"column":14}},"loc":{"start":{"line":57,"column":21},"end":{"line":59,"column":7}}}},"branchMap":{},"s":{"0":5,"1":5,"2":5,"3":5,"4":5,"5":5,"6":5,"7":5,"8":5,"9":5,"10":5,"11":5,"12":5,"13":5,"14":5,"15":5,"16":5,"17":0,"18":5,"19":5,"20":5,"21":5,"22":5,"23":5,"24":5,"25":5,"26":5,"27":5,"28":0,"29":0,"30":0,"31":5,"32":5,"33":5,"34":5,"35":5,"36":0,"37":5},"f":{"0":0,"1":5,"2":0,"3":5,"4":5,"5":5,"6":0},"b":{}}
,"C:\\Users\\kfir2\\Desktop\\Teachers_Pet_Web\\Teachers_Pet_Web\\src\\controllers\\ai_controller.ts": {"path":"C:\\Users\\kfir2\\Desktop\\Teachers_Pet_Web\\Teachers_Pet_Web\\src\\controllers\\ai_controller.ts","statementMap":{"0":{"start":{"line":1,"column":1},"end":{"line":1,"column":60}},"1":{"start":{"line":3,"column":26},"end":{"line":13,"column":1}},"2":{"start":{"line":4,"column":18},"end":{"line":4,"column":68}},"3":{"start":{"line":5,"column":18},"end":{"line":5,"column":73}},"4":{"start":{"line":7,"column":19},"end":{"line":10,"column":6}},"5":{"start":{"line":8,"column":8},"end":{"line":8,"column":27}},"6":{"start":{"line":9,"column":8},"end":{"line":9,"column":19}},"7":{"start":{"line":12,"column":4},"end":{"line":12,"column":34}},"8":{"start":{"line":3,"column":13},"end":{"line":3,"column":26}},"9":{"start":{"line":15,"column":0},"end":{"line":15,"column":30}}},"fnMap":{"0":{"name":"(anonymous_0)","decl":{"start":{"line":3,"column":26},"end":{"line":3,"column":31}},"loc":{"start":{"line":3,"column":51},"end":{"line":13,"column":1}}},"1":{"name":"(anonymous_1)","decl":{"start":{"line":7,"column":61},"end":{"line":7,"column":62}},"loc":{"start":{"line":7,"column":69},"end":{"line":10,"column":5}}}},"branchMap":{},"s":{"0":5,"1":5,"2":1,"3":1,"4":1,"5":0,"6":0,"7":1,"8":5,"9":5},"f":{"0":1,"1":0},"b":{}}
,"C:\\Users\\kfir2\\Desktop\\Teachers_Pet_Web\\Teachers_Pet_Web\\src\\controllers\\auth_controller.ts": {"path":"C:\\Users\\kfir2\\Desktop\\Teachers_Pet_Web\\Teachers_Pet_Web\\src\\controllers\\auth_controller.ts","statementMap":{"0":{"start":{"line":2,"column":0},"end":{"line":2,"column":28}},"1":{"start":{"line":3,"column":0},"end":{"line":3,"column":46}},"2":{"start":{"line":4,"column":0},"end":{"line":4,"column":68}},"3":{"start":{"line":5,"column":0},"end":{"line":5,"column":57}},"4":{"start":{"line":6,"column":0},"end":{"line":6,"column":95}},"5":{"start":{"line":9,"column":17},"end":{"line":23,"column":1}},"6":{"start":{"line":10,"column":2},"end":{"line":22,"column":3}},"7":{"start":{"line":11,"column":21},"end":{"line":11,"column":38}},"8":{"start":{"line":12,"column":17},"end":{"line":12,"column":41}},"9":{"start":{"line":13,"column":27},"end":{"line":13,"column":60}},"10":{"start":{"line":14,"column":17},"end":{"line":18,"column":6}},"11":{"start":{"line":19,"column":4},"end":{"line":19,"column":31}},"12":{"start":{"line":21,"column":4},"end":{"line":21,"column":30}},"13":{"start":{"line":25,"column":14},"end":{"line":62,"column":1}},"14":{"start":{"line":26,"column":2},"end":{"line":61,"column":3}},"15":{"start":{"line":27,"column":17},"end":{"line":27,"column":67}},"16":{"start":{"line":28,"column":4},"end":{"line":31,"column":5}},"17":{"start":{"line":29,"column":6},"end":{"line":29,"column":57}},"18":{"start":{"line":30,"column":6},"end":{"line":30,"column":13}},"19":{"start":{"line":32,"column":26},"end":{"line":34,"column":null}},"20":{"start":{"line":36,"column":4},"end":{"line":39,"column":5}},"21":{"start":{"line":37,"column":6},"end":{"line":37,"column":57}},"22":{"start":{"line":38,"column":6},"end":{"line":38,"column":13}},"23":{"start":{"line":40,"column":4},"end":{"line":43,"column":5}},"24":{"start":{"line":41,"column":6},"end":{"line":41,"column":43}},"25":{"start":{"line":42,"column":6},"end":{"line":42,"column":13}},"26":{"start":{"line":44,"column":19},"end":{"line":44,"column":53}},"27":{"start":{"line":45,"column":4},"end":{"line":48,"column":5}},"28":{"start":{"line":46,"column":6},"end":{"line":46,"column":43}},"29":{"start":{"line":47,"column":6},"end":{"line":47,"column":13}},"30":{"start":{"line":49,"column":4},"end":{"line":51,"column":5}},"31":{"start":{"line":50,"column":6},"end":{"line":50,"column":29}},"32":{"start":{"line":52,"column":4},"end":{"line":52,"column":48}},"33":{"start":{"line":53,"column":4},"end":{"line":53,"column":22}},"34":{"start":{"line":54,"column":4},"end":{"line":58,"column":7}},"35":{"start":{"line":60,"column":4},"end":{"line":60,"column":30}},"36":{"start":{"line":64,"column":15},"end":{"line":72,"column":1}},"37":{"start":{"line":65,"column":2},"end":{"line":71,"column":3}},"38":{"start":{"line":66,"column":17},"end":{"line":66,"column":68}},"39":{"start":{"line":67,"column":4},"end":{"line":67,"column":22}},"40":{"start":{"line":68,"column":4},"end":{"line":68,"column":36}},"41":{"start":{"line":70,"column":4},"end":{"line":70,"column":33}},"42":{"start":{"line":74,"column":16},"end":{"line":99,"column":1}},"43":{"start":{"line":75,"column":2},"end":{"line":98,"column":3}},"44":{"start":{"line":76,"column":17},"end":{"line":76,"column":68}},"45":{"start":{"line":77,"column":4},"end":{"line":80,"column":5}},"46":{"start":{"line":78,"column":6},"end":{"line":78,"column":35}},"47":{"start":{"line":79,"column":6},"end":{"line":79,"column":13}},"48":{"start":{"line":81,"column":19},"end":{"line":81,"column":42}},"49":{"start":{"line":82,"column":4},"end":{"line":85,"column":5}},"50":{"start":{"line":83,"column":6},"end":{"line":83,"column":43}},"51":{"start":{"line":84,"column":6},"end":{"line":84,"column":13}},"52":{"start":{"line":86,"column":4},"end":{"line":88,"column":5}},"53":{"start":{"line":87,"column":6},"end":{"line":87,"column":29}},"54":{"start":{"line":89,"column":4},"end":{"line":89,"column":48}},"55":{"start":{"line":90,"column":4},"end":{"line":90,"column":22}},"56":{"start":{"line":91,"column":4},"end":{"line":95,"column":7}},"57":{"start":{"line":97,"column":4},"end":{"line":97,"column":33}},"58":{"start":{"line":101,"column":27},"end":{"line":137,"column":1}},"59":{"start":{"line":103,"column":2},"end":{"line":135,"column":3}},"60":{"start":{"line":104,"column":27},"end":{"line":104,"column":35}},"61":{"start":{"line":106,"column":4},"end":{"line":108,"column":5}},"62":{"start":{"line":107,"column":6},"end":{"line":107,"column":55}},"63":{"start":{"line":110,"column":23},"end":{"line":110,"column":58}},"64":{"start":{"line":111,"column":21},"end":{"line":111,"column":59}},"65":{"start":{"line":113,"column":4},"end":{"line":120,"column":5}},"66":{"start":{"line":114,"column":6},"end":{"line":119,"column":9}},"67":{"start":{"line":122,"column":23},"end":{"line":122,"column":46}},"68":{"start":{"line":123,"column":4},"end":{"line":123,"column":68}},"69":{"start":{"line":125,"column":4},"end":{"line":130,"column":6}},"70":{"start":{"line":132,"column":4},"end":{"line":132,"column":35}},"71":{"start":{"line":134,"column":4},"end":{"line":134,"column":51}},"72":{"start":{"line":101,"column":13},"end":{"line":101,"column":27}},"73":{"start":{"line":139,"column":0},"end":{"line":139,"column":65}}},"fnMap":{"0":{"name":"(anonymous_1)","decl":{"start":{"line":9,"column":17},"end":{"line":9,"column":22}},"loc":{"start":{"line":9,"column":55},"end":{"line":23,"column":1}}},"1":{"name":"(anonymous_2)","decl":{"start":{"line":25,"column":14},"end":{"line":25,"column":19}},"loc":{"start":{"line":25,"column":52},"end":{"line":62,"column":1}}},"2":{"name":"(anonymous_3)","decl":{"start":{"line":64,"column":15},"end":{"line":64,"column":20}},"loc":{"start":{"line":64,"column":53},"end":{"line":72,"column":1}}},"3":{"name":"(anonymous_4)","decl":{"start":{"line":74,"column":16},"end":{"line":74,"column":21}},"loc":{"start":{"line":74,"column":54},"end":{"line":99,"column":1}}},"4":{"name":"(anonymous_5)","decl":{"start":{"line":101,"column":27},"end":{"line":101,"column":32}},"loc":{"start":{"line":101,"column":65},"end":{"line":137,"column":1}}}},"branchMap":{"0":{"loc":{"start":{"line":28,"column":4},"end":{"line":31,"column":5}},"type":"if","locations":[{"start":{"line":28,"column":4},"end":{"line":31,"column":5}}]},"1":{"loc":{"start":{"line":36,"column":4},"end":{"line":39,"column":5}},"type":"if","locations":[{"start":{"line":36,"column":4},"end":{"line":39,"column":5}}]},"2":{"loc":{"start":{"line":40,"column":4},"end":{"line":43,"column":5}},"type":"if","locations":[{"start":{"line":40,"column":4},"end":{"line":43,"column":5}}]},"3":{"loc":{"start":{"line":45,"column":4},"end":{"line":48,"column":5}},"type":"if","locations":[{"start":{"line":45,"column":4},"end":{"line":48,"column":5}}]},"4":{"loc":{"start":{"line":49,"column":4},"end":{"line":51,"column":5}},"type":"if","locations":[{"start":{"line":49,"column":4},"end":{"line":51,"column":5}}]},"5":{"loc":{"start":{"line":77,"column":4},"end":{"line":80,"column":5}},"type":"if","locations":[{"start":{"line":77,"column":4},"end":{"line":80,"column":5}}]},"6":{"loc":{"start":{"line":82,"column":4},"end":{"line":85,"column":5}},"type":"if","locations":[{"start":{"line":82,"column":4},"end":{"line":85,"column":5}}]},"7":{"loc":{"start":{"line":86,"column":4},"end":{"line":88,"column":5}},"type":"if","locations":[{"start":{"line":86,"column":4},"end":{"line":88,"column":5}}]},"8":{"loc":{"start":{"line":106,"column":4},"end":{"line":108,"column":5}},"type":"if","locations":[{"start":{"line":106,"column":4},"end":{"line":108,"column":5}}]},"9":{"loc":{"start":{"line":113,"column":4},"end":{"line":120,"column":5}},"type":"if","locations":[{"start":{"line":113,"column":4},"end":{"line":120,"column":5}}]}},"s":{"0":5,"1":5,"2":5,"3":5,"4":5,"5":5,"6":5,"7":5,"8":5,"9":5,"10":4,"11":4,"12":1,"13":5,"14":8,"15":8,"16":8,"17":1,"18":1,"19":7,"20":7,"21":1,"22":1,"23":6,"24":1,"25":1,"26":5,"27":5,"28":0,"29":0,"30":5,"31":0,"32":5,"33":5,"34":5,"35":0,"36":5,"37":2,"38":2,"39":1,"40":1,"41":1,"42":5,"43":3,"44":3,"45":1,"46":0,"47":0,"48":1,"49":1,"50":0,"51":0,"52":1,"53":0,"54":1,"55":1,"56":1,"57":2,"58":5,"59":0,"60":0,"61":0,"62":0,"63":0,"64":0,"65":0,"66":0,"67":0,"68":0,"69":0,"70":0,"71":0,"72":5,"73":5},"f":{"0":5,"1":8,"2":2,"3":3,"4":0},"b":{"0":[1],"1":[1],"2":[1],"3":[0],"4":[0],"5":[0],"6":[0],"7":[0],"8":[0],"9":[0]}}
,"C:\\Users\\kfir2\\Desktop\\Teachers_Pet_Web\\Teachers_Pet_Web\\src\\controllers\\comments_controller.ts": {"path":"C:\\Users\\kfir2\\Desktop\\Teachers_Pet_Web\\Teachers_Pet_Web\\src\\controllers\\comments_controller.ts","statementMap":{"0":{"start":{"line":1,"column":0},"end":{"line":1,"column":53}},"1":{"start":{"line":3,"column":28},"end":{"line":15,"column":1}},"2":{"start":{"line":4,"column":17},"end":{"line":4,"column":30}},"3":{"start":{"line":5,"column":2},"end":{"line":14,"column":3}},"4":{"start":{"line":6,"column":21},"end":{"line":6,"column":65}},"5":{"start":{"line":7,"column":4},"end":{"line":11,"column":5}},"6":{"start":{"line":8,"column":6},"end":{"line":8,"column":25}},"7":{"start":{"line":10,"column":6},"end":{"line":10,"column":45}},"8":{"start":{"line":13,"column":4},"end":{"line":13,"column":40}},"9":{"start":{"line":17,"column":23},"end":{"line":29,"column":1}},"10":{"start":{"line":18,"column":20},"end":{"line":18,"column":33}},"11":{"start":{"line":19,"column":2},"end":{"line":28,"column":3}},"12":{"start":{"line":20,"column":20},"end":{"line":20,"column":59}},"13":{"start":{"line":21,"column":4},"end":{"line":25,"column":5}},"14":{"start":{"line":22,"column":6},"end":{"line":22,"column":24}},"15":{"start":{"line":24,"column":6},"end":{"line":24,"column":48}},"16":{"start":{"line":27,"column":4},"end":{"line":27,"column":40}},"17":{"start":{"line":31,"column":22},"end":{"line":39,"column":1}},"18":{"start":{"line":32,"column":22},"end":{"line":32,"column":30}},"19":{"start":{"line":33,"column":2},"end":{"line":38,"column":3}},"20":{"start":{"line":34,"column":20},"end":{"line":34,"column":59}},"21":{"start":{"line":35,"column":4},"end":{"line":35,"column":34}},"22":{"start":{"line":37,"column":4},"end":{"line":37,"column":40}},"23":{"start":{"line":41,"column":26},"end":{"line":49,"column":1}},"24":{"start":{"line":42,"column":20},"end":{"line":42,"column":33}},"25":{"start":{"line":43,"column":2},"end":{"line":48,"column":3}},"26":{"start":{"line":44,"column":20},"end":{"line":44,"column":68}},"27":{"start":{"line":45,"column":4},"end":{"line":45,"column":34}},"28":{"start":{"line":47,"column":4},"end":{"line":47,"column":40}},"29":{"start":{"line":51,"column":26},"end":{"line":69,"column":1}},"30":{"start":{"line":52,"column":20},"end":{"line":52,"column":33}},"31":{"start":{"line":53,"column":22},"end":{"line":53,"column":30}},"32":{"start":{"line":55,"column":2},"end":{"line":68,"column":3}},"33":{"start":{"line":56,"column":20},"end":{"line":58,"column":null}},"34":{"start":{"line":60,"column":4},"end":{"line":62,"column":5}},"35":{"start":{"line":61,"column":6},"end":{"line":61,"column":48}},"36":{"start":{"line":64,"column":6},"end":{"line":64,"column":46}},"37":{"start":{"line":67,"column":4},"end":{"line":67,"column":40}},"38":{"start":{"line":71,"column":0},"end":{"line":77,"column":2}}},"fnMap":{"0":{"name":"(anonymous_1)","decl":{"start":{"line":3,"column":28},"end":{"line":3,"column":33}},"loc":{"start":{"line":3,"column":47},"end":{"line":15,"column":1}}},"1":{"name":"(anonymous_2)","decl":{"start":{"line":17,"column":23},"end":{"line":17,"column":28}},"loc":{"start":{"line":17,"column":42},"end":{"line":29,"column":1}}},"2":{"name":"(anonymous_3)","decl":{"start":{"line":31,"column":22},"end":{"line":31,"column":27}},"loc":{"start":{"line":31,"column":41},"end":{"line":39,"column":1}}},"3":{"name":"(anonymous_4)","decl":{"start":{"line":41,"column":26},"end":{"line":41,"column":31}},"loc":{"start":{"line":41,"column":45},"end":{"line":49,"column":1}}},"4":{"name":"(anonymous_5)","decl":{"start":{"line":51,"column":26},"end":{"line":51,"column":31}},"loc":{"start":{"line":51,"column":45},"end":{"line":69,"column":1}}}},"branchMap":{"0":{"loc":{"start":{"line":7,"column":4},"end":{"line":11,"column":5}},"type":"if","locations":[{"start":{"line":7,"column":4},"end":{"line":11,"column":5}},{"start":{"line":9,"column":11},"end":{"line":11,"column":5}}]},"1":{"loc":{"start":{"line":7,"column":8},"end":{"line":7,"column":39}},"type":"binary-expr","locations":[{"start":{"line":7,"column":8},"end":{"line":7,"column":16}},{"start":{"line":7,"column":20},"end":{"line":7,"column":39}}]},"2":{"loc":{"start":{"line":21,"column":4},"end":{"line":25,"column":5}},"type":"if","locations":[{"start":{"line":21,"column":4},"end":{"line":25,"column":5}},{"start":{"line":23,"column":11},"end":{"line":25,"column":5}}]},"3":{"loc":{"start":{"line":60,"column":4},"end":{"line":62,"column":5}},"type":"if","locations":[{"start":{"line":60,"column":4},"end":{"line":62,"column":5}}]}},"s":{"0":5,"1":5,"2":2,"3":2,"4":2,"5":2,"6":1,"7":1,"8":0,"9":5,"10":2,"11":2,"12":2,"13":1,"14":1,"15":0,"16":1,"17":5,"18":4,"19":4,"20":4,"21":3,"22":1,"23":5,"24":2,"25":2,"26":2,"27":1,"28":1,"29":5,"30":2,"31":2,"32":2,"33":2,"34":1,"35":0,"36":1,"37":1,"38":5},"f":{"0":2,"1":2,"2":4,"3":2,"4":2},"b":{"0":[1,1],"1":[2,2],"2":[1,0],"3":[0]}}
,"C:\\Users\\kfir2\\Desktop\\Teachers_Pet_Web\\Teachers_Pet_Web\\src\\controllers\\posts_controller.ts": {"path":"C:\\Users\\kfir2\\Desktop\\Teachers_Pet_Web\\Teachers_Pet_Web\\src\\controllers\\posts_controller.ts","statementMap":{"0":{"start":{"line":1,"column":0},"end":{"line":1,"column":46}},"1":{"start":{"line":3,"column":20},"end":{"line":10,"column":1}},"2":{"start":{"line":4,"column":2},"end":{"line":9,"column":3}},"3":{"start":{"line":5,"column":18},"end":{"line":5,"column":40}},"4":{"start":{"line":6,"column":4},"end":{"line":6,"column":20}},"5":{"start":{"line":8,"column":4},"end":{"line":8,"column":40}},"6":{"start":{"line":12,"column":19},"end":{"line":20,"column":1}},"7":{"start":{"line":13,"column":19},"end":{"line":13,"column":27}},"8":{"start":{"line":14,"column":2},"end":{"line":19,"column":3}},"9":{"start":{"line":15,"column":17},"end":{"line":15,"column":49}},"10":{"start":{"line":16,"column":4},"end":{"line":16,"column":31}},"11":{"start":{"line":18,"column":4},"end":{"line":18,"column":40}},"12":{"start":{"line":22,"column":20},"end":{"line":35,"column":1}},"13":{"start":{"line":23,"column":17},"end":{"line":23,"column":30}},"14":{"start":{"line":25,"column":2},"end":{"line":34,"column":3}},"15":{"start":{"line":26,"column":17},"end":{"line":26,"column":49}},"16":{"start":{"line":27,"column":4},"end":{"line":31,"column":5}},"17":{"start":{"line":28,"column":6},"end":{"line":28,"column":21}},"18":{"start":{"line":30,"column":6},"end":{"line":30,"column":45}},"19":{"start":{"line":33,"column":4},"end":{"line":33,"column":40}},"20":{"start":{"line":37,"column":30},"end":{"line":50,"column":1}},"21":{"start":{"line":38,"column":17},"end":{"line":38,"column":33}},"22":{"start":{"line":40,"column":2},"end":{"line":49,"column":3}},"23":{"start":{"line":41,"column":18},"end":{"line":41,"column":60}},"24":{"start":{"line":42,"column":4},"end":{"line":46,"column":5}},"25":{"start":{"line":43,"column":6},"end":{"line":43,"column":45}},"26":{"start":{"line":45,"column":6},"end":{"line":45,"column":22}},"27":{"start":{"line":48,"column":4},"end":{"line":48,"column":40}},"28":{"start":{"line":52,"column":23},"end":{"line":62,"column":1}},"29":{"start":{"line":53,"column":17},"end":{"line":53,"column":30}},"30":{"start":{"line":54,"column":19},"end":{"line":54,"column":27}},"31":{"start":{"line":56,"column":2},"end":{"line":61,"column":3}},"32":{"start":{"line":57,"column":4},"end":{"line":57,"column":56}},"33":{"start":{"line":58,"column":4},"end":{"line":58,"column":41}},"34":{"start":{"line":60,"column":4},"end":{"line":60,"column":40}},"35":{"start":{"line":64,"column":0},"end":{"line":70,"column":2}}},"fnMap":{"0":{"name":"(anonymous_1)","decl":{"start":{"line":3,"column":20},"end":{"line":3,"column":25}},"loc":{"start":{"line":3,"column":39},"end":{"line":10,"column":1}}},"1":{"name":"(anonymous_2)","decl":{"start":{"line":12,"column":19},"end":{"line":12,"column":24}},"loc":{"start":{"line":12,"column":38},"end":{"line":20,"column":1}}},"2":{"name":"(anonymous_3)","decl":{"start":{"line":22,"column":20},"end":{"line":22,"column":25}},"loc":{"start":{"line":22,"column":39},"end":{"line":35,"column":1}}},"3":{"name":"(anonymous_4)","decl":{"start":{"line":37,"column":30},"end":{"line":37,"column":35}},"loc":{"start":{"line":37,"column":49},"end":{"line":50,"column":1}}},"4":{"name":"(anonymous_5)","decl":{"start":{"line":52,"column":23},"end":{"line":52,"column":28}},"loc":{"start":{"line":52,"column":42},"end":{"line":62,"column":1}}}},"branchMap":{"0":{"loc":{"start":{"line":27,"column":4},"end":{"line":31,"column":5}},"type":"if","locations":[{"start":{"line":27,"column":4},"end":{"line":31,"column":5}},{"start":{"line":29,"column":11},"end":{"line":31,"column":5}}]},"1":{"loc":{"start":{"line":42,"column":4},"end":{"line":46,"column":5}},"type":"if","locations":[{"start":{"line":42,"column":4},"end":{"line":46,"column":5}},{"start":{"line":44,"column":11},"end":{"line":46,"column":5}}]}},"s":{"0":5,"1":5,"2":2,"3":2,"4":2,"5":0,"6":5,"7":3,"8":3,"9":3,"10":2,"11":1,"12":5,"13":2,"14":2,"15":2,"16":1,"17":1,"18":0,"19":1,"20":5,"21":2,"22":2,"23":2,"24":2,"25":1,"26":1,"27":0,"28":5,"29":2,"30":2,"31":2,"32":2,"33":1,"34":1,"35":5},"f":{"0":2,"1":3,"2":2,"3":2,"4":2},"b":{"0":[1,0],"1":[1,1]}}
,"C:\\Users\\kfir2\\Desktop\\Teachers_Pet_Web\\Teachers_Pet_Web\\src\\controllers\\users_controller.ts": {"path":"C:\\Users\\kfir2\\Desktop\\Teachers_Pet_Web\\Teachers_Pet_Web\\src\\controllers\\users_controller.ts","statementMap":{"0":{"start":{"line":1,"column":0},"end":{"line":1,"column":57}},"1":{"start":{"line":3,"column":20},"end":{"line":10,"column":1}},"2":{"start":{"line":4,"column":2},"end":{"line":9,"column":3}},"3":{"start":{"line":5,"column":18},"end":{"line":5,"column":41}},"4":{"start":{"line":6,"column":4},"end":{"line":6,"column":20}},"5":{"start":{"line":8,"column":4},"end":{"line":8,"column":40}},"6":{"start":{"line":12,"column":20},"end":{"line":25,"column":1}},"7":{"start":{"line":13,"column":17},"end":{"line":13,"column":30}},"8":{"start":{"line":15,"column":2},"end":{"line":24,"column":3}},"9":{"start":{"line":16,"column":17},"end":{"line":16,"column":50}},"10":{"start":{"line":17,"column":4},"end":{"line":21,"column":5}},"11":{"start":{"line":18,"column":6},"end":{"line":18,"column":21}},"12":{"start":{"line":20,"column":6},"end":{"line":20,"column":45}},"13":{"start":{"line":23,"column":4},"end":{"line":23,"column":40}},"14":{"start":{"line":27,"column":19},"end":{"line":35,"column":1}},"15":{"start":{"line":28,"column":19},"end":{"line":28,"column":27}},"16":{"start":{"line":29,"column":2},"end":{"line":34,"column":3}},"17":{"start":{"line":30,"column":17},"end":{"line":30,"column":50}},"18":{"start":{"line":31,"column":4},"end":{"line":31,"column":31}},"19":{"start":{"line":33,"column":4},"end":{"line":33,"column":40}},"20":{"start":{"line":37,"column":23},"end":{"line":51,"column":1}},"21":{"start":{"line":38,"column":17},"end":{"line":38,"column":30}},"22":{"start":{"line":39,"column":19},"end":{"line":39,"column":27}},"23":{"start":{"line":41,"column":2},"end":{"line":50,"column":3}},"24":{"start":{"line":42,"column":17},"end":{"line":42,"column":69}},"25":{"start":{"line":43,"column":4},"end":{"line":47,"column":5}},"26":{"start":{"line":44,"column":6},"end":{"line":44,"column":45}},"27":{"start":{"line":46,"column":6},"end":{"line":46,"column":56}},"28":{"start":{"line":49,"column":4},"end":{"line":49,"column":40}},"29":{"start":{"line":53,"column":23},"end":{"line":66,"column":1}},"30":{"start":{"line":54,"column":17},"end":{"line":54,"column":30}},"31":{"start":{"line":56,"column":2},"end":{"line":65,"column":3}},"32":{"start":{"line":57,"column":17},"end":{"line":57,"column":59}},"33":{"start":{"line":58,"column":4},"end":{"line":62,"column":5}},"34":{"start":{"line":59,"column":6},"end":{"line":59,"column":45}},"35":{"start":{"line":61,"column":6},"end":{"line":61,"column":56}},"36":{"start":{"line":64,"column":4},"end":{"line":64,"column":40}},"37":{"start":{"line":68,"column":30},"end":{"line":74,"column":1}},"38":{"start":{"line":69,"column":15},"end":{"line":69,"column":52}},"39":{"start":{"line":70,"column":2},"end":{"line":72,"column":3}},"40":{"start":{"line":71,"column":4},"end":{"line":71,"column":null}},"41":{"start":{"line":73,"column":2},"end":{"line":73,"column":null}},"42":{"start":{"line":68,"column":13},"end":{"line":68,"column":30}},"43":{"start":{"line":76,"column":32},"end":{"line":78,"column":1}},"44":{"start":{"line":77,"column":2},"end":{"line":77,"column":null}},"45":{"start":{"line":76,"column":13},"end":{"line":76,"column":32}},"46":{"start":{"line":80,"column":42},"end":{"line":81,"column":88}},"47":{"start":{"line":81,"column":2},"end":{"line":81,"column":88}},"48":{"start":{"line":80,"column":13},"end":{"line":80,"column":42}},"49":{"start":{"line":83,"column":0},"end":{"line":89,"column":2}}},"fnMap":{"0":{"name":"(anonymous_1)","decl":{"start":{"line":3,"column":20},"end":{"line":3,"column":25}},"loc":{"start":{"line":3,"column":39},"end":{"line":10,"column":1}}},"1":{"name":"(anonymous_2)","decl":{"start":{"line":12,"column":20},"end":{"line":12,"column":25}},"loc":{"start":{"line":12,"column":39},"end":{"line":25,"column":1}}},"2":{"name":"(anonymous_3)","decl":{"start":{"line":27,"column":19},"end":{"line":27,"column":24}},"loc":{"start":{"line":27,"column":38},"end":{"line":35,"column":1}}},"3":{"name":"(anonymous_4)","decl":{"start":{"line":37,"column":23},"end":{"line":37,"column":28}},"loc":{"start":{"line":37,"column":42},"end":{"line":51,"column":1}}},"4":{"name":"(anonymous_5)","decl":{"start":{"line":53,"column":23},"end":{"line":53,"column":28}},"loc":{"start":{"line":53,"column":42},"end":{"line":66,"column":1}}},"5":{"name":"(anonymous_6)","decl":{"start":{"line":68,"column":30},"end":{"line":68,"column":35}},"loc":{"start":{"line":68,"column":58},"end":{"line":74,"column":1}}},"6":{"name":"(anonymous_7)","decl":{"start":{"line":76,"column":32},"end":{"line":76,"column":37}},"loc":{"start":{"line":76,"column":53},"end":{"line":78,"column":1}}},"7":{"name":"(anonymous_8)","decl":{"start":{"line":80,"column":42},"end":{"line":80,"column":43}},"loc":{"start":{"line":81,"column":2},"end":{"line":81,"column":88}}}},"branchMap":{"0":{"loc":{"start":{"line":17,"column":4},"end":{"line":21,"column":5}},"type":"if","locations":[{"start":{"line":17,"column":4},"end":{"line":21,"column":5}},{"start":{"line":19,"column":11},"end":{"line":21,"column":5}}]},"1":{"loc":{"start":{"line":43,"column":4},"end":{"line":47,"column":5}},"type":"if","locations":[{"start":{"line":43,"column":4},"end":{"line":47,"column":5}},{"start":{"line":45,"column":11},"end":{"line":47,"column":5}}]},"2":{"loc":{"start":{"line":58,"column":4},"end":{"line":62,"column":5}},"type":"if","locations":[{"start":{"line":58,"column":4},"end":{"line":62,"column":5}},{"start":{"line":60,"column":11},"end":{"line":62,"column":5}}]},"3":{"loc":{"start":{"line":70,"column":2},"end":{"line":72,"column":3}},"type":"if","locations":[{"start":{"line":70,"column":2},"end":{"line":72,"column":3}}]}},"s":{"0":5,"1":5,"2":1,"3":1,"4":1,"5":0,"6":5,"7":2,"8":2,"9":2,"10":1,"11":1,"12":0,"13":1,"14":5,"15":2,"16":2,"17":2,"18":1,"19":1,"20":5,"21":2,"22":2,"23":2,"24":2,"25":1,"26":0,"27":1,"28":1,"29":5,"30":2,"31":2,"32":2,"33":1,"34":0,"35":1,"36":1,"37":5,"38":0,"39":0,"40":0,"41":0,"42":5,"43":5,"44":0,"45":5,"46":5,"47":0,"48":5,"49":5},"f":{"0":1,"1":2,"2":2,"3":2,"4":2,"5":0,"6":0,"7":0},"b":{"0":[1,0],"1":[0,1],"2":[0,1],"3":[0]}}
,"C:\\Users\\kfir2\\Desktop\\Teachers_Pet_Web\\Teachers_Pet_Web\\src\\middlewares\\auth.ts": {"path":"C:\\Users\\kfir2\\Desktop\\Teachers_Pet_Web\\Teachers_Pet_Web\\src\\middlewares\\auth.ts","statementMap":{"0":{"start":{"line":2,"column":0},"end":{"line":2,"column":31}},"1":{"start":{"line":5,"column":30},"end":{"line":30,"column":1}},"2":{"start":{"line":10,"column":24},"end":{"line":10,"column":51}},"3":{"start":{"line":11,"column":16},"end":{"line":11,"column":60}},"4":{"start":{"line":13,"column":2},"end":{"line":16,"column":3}},"5":{"start":{"line":14,"column":4},"end":{"line":14,"column":42}},"6":{"start":{"line":15,"column":4},"end":{"line":15,"column":11}},"7":{"start":{"line":17,"column":2},"end":{"line":20,"column":3}},"8":{"start":{"line":18,"column":4},"end":{"line":18,"column":41}},"9":{"start":{"line":19,"column":4},"end":{"line":19,"column":11}},"10":{"start":{"line":22,"column":2},"end":{"line":29,"column":5}},"11":{"start":{"line":23,"column":4},"end":{"line":26,"column":5}},"12":{"start":{"line":24,"column":6},"end":{"line":24,"column":44}},"13":{"start":{"line":25,"column":6},"end":{"line":25,"column":13}},"14":{"start":{"line":27,"column":4},"end":{"line":27,"column":49}},"15":{"start":{"line":28,"column":4},"end":{"line":28,"column":11}},"16":{"start":{"line":5,"column":13},"end":{"line":5,"column":30}}},"fnMap":{"0":{"name":"(anonymous_1)","decl":{"start":{"line":5,"column":30},"end":{"line":5,"column":null}},"loc":{"start":{"line":9,"column":4},"end":{"line":30,"column":1}}},"1":{"name":"(anonymous_2)","decl":{"start":{"line":22,"column":46},"end":{"line":22,"column":47}},"loc":{"start":{"line":22,"column":63},"end":{"line":29,"column":3}}}},"branchMap":{"0":{"loc":{"start":{"line":11,"column":16},"end":{"line":11,"column":60}},"type":"binary-expr","locations":[{"start":{"line":11,"column":16},"end":{"line":11,"column":29}},{"start":{"line":11,"column":33},"end":{"line":11,"column":60}}]},"1":{"loc":{"start":{"line":13,"column":2},"end":{"line":16,"column":3}},"type":"if","locations":[{"start":{"line":13,"column":2},"end":{"line":16,"column":3}}]},"2":{"loc":{"start":{"line":17,"column":2},"end":{"line":20,"column":3}},"type":"if","locations":[{"start":{"line":17,"column":2},"end":{"line":20,"column":3}}]},"3":{"loc":{"start":{"line":23,"column":4},"end":{"line":26,"column":5}},"type":"if","locations":[{"start":{"line":23,"column":4},"end":{"line":26,"column":5}}]}},"s":{"0":5,"1":5,"2":19,"3":19,"4":19,"5":1,"6":1,"7":18,"8":1,"9":1,"10":17,"11":17,"12":0,"13":0,"14":17,"15":17,"16":5},"f":{"0":19,"1":17},"b":{"0":[19,18],"1":[1],"2":[1],"3":[0]}}
,"C:\\Users\\kfir2\\Desktop\\Teachers_Pet_Web\\Teachers_Pet_Web\\src\\models\\comments_model.ts": {"path":"C:\\Users\\kfir2\\Desktop\\Teachers_Pet_Web\\Teachers_Pet_Web\\src\\models\\comments_model.ts","statementMap":{"0":{"start":{"line":1,"column":0},"end":{"line":1,"column":32}},"1":{"start":{"line":3,"column":23},"end":{"line":16,"column":2}},"2":{"start":{"line":18,"column":22},"end":{"line":18,"column":64}},"3":{"start":{"line":20,"column":0},"end":{"line":20,"column":29}}},"fnMap":{},"branchMap":{},"s":{"0":5,"1":5,"2":5,"3":5},"f":{},"b":{}}
,"C:\\Users\\kfir2\\Desktop\\Teachers_Pet_Web\\Teachers_Pet_Web\\src\\models\\posts_model.ts": {"path":"C:\\Users\\kfir2\\Desktop\\Teachers_Pet_Web\\Teachers_Pet_Web\\src\\models\\posts_model.ts","statementMap":{"0":{"start":{"line":1,"column":0},"end":{"line":1,"column":32}},"1":{"start":{"line":3,"column":19},"end":{"line":13,"column":2}},"2":{"start":{"line":15,"column":18},"end":{"line":15,"column":53}},"3":{"start":{"line":17,"column":0},"end":{"line":17,"column":25}}},"fnMap":{},"branchMap":{},"s":{"0":5,"1":5,"2":5,"3":5},"f":{},"b":{}}
,"C:\\Users\\kfir2\\Desktop\\Teachers_Pet_Web\\Teachers_Pet_Web\\src\\models\\users_model.ts": {"path":"C:\\Users\\kfir2\\Desktop\\Teachers_Pet_Web\\Teachers_Pet_Web\\src\\models\\users_model.ts","statementMap":{"0":{"start":{"line":1,"column":0},"end":{"line":1,"column":46}},"1":{"start":{"line":19,"column":20},"end":{"line":36,"column":2}},"2":{"start":{"line":38,"column":19},"end":{"line":38,"column":55}},"3":{"start":{"line":40,"column":0},"end":{"line":40,"column":26}}},"fnMap":{},"branchMap":{},"s":{"0":5,"1":5,"2":5,"3":5},"f":{},"b":{}}
,"C:\\Users\\kfir2\\Desktop\\Teachers_Pet_Web\\Teachers_Pet_Web\\src\\routes\\ai_route.ts": {"path":"C:\\Users\\kfir2\\Desktop\\Teachers_Pet_Web\\Teachers_Pet_Web\\src\\routes\\ai_route.ts","statementMap":{"0":{"start":{"line":1,"column":0},"end":{"line":1,"column":30}},"1":{"start":{"line":2,"column":0},"end":{"line":2,"column":56}},"2":{"start":{"line":4,"column":15},"end":{"line":4,"column":31}},"3":{"start":{"line":45,"column":0},"end":{"line":56,"column":3}},"4":{"start":{"line":46,"column":19},"end":{"line":46,"column":34}},"5":{"start":{"line":48,"column":2},"end":{"line":55,"column":3}},"6":{"start":{"line":49,"column":21},"end":{"line":49,"column":60}},"7":{"start":{"line":51,"column":4},"end":{"line":52,"column":40}},"8":{"start":{"line":51,"column":19},"end":{"line":51,"column":70}},"9":{"start":{"line":52,"column":9},"end":{"line":52,"column":40}},"10":{"start":{"line":54,"column":4},"end":{"line":54,"column":51}},"11":{"start":{"line":58,"column":0},"end":{"line":58,"column":22}}},"fnMap":{"0":{"name":"(anonymous_1)","decl":{"start":{"line":45,"column":24},"end":{"line":45,"column":29}},"loc":{"start":{"line":45,"column":43},"end":{"line":56,"column":1}}}},"branchMap":{"0":{"loc":{"start":{"line":51,"column":4},"end":{"line":52,"column":40}},"type":"if","locations":[{"start":{"line":51,"column":4},"end":{"line":52,"column":40}},{"start":{"line":52,"column":9},"end":{"line":52,"column":40}}]}},"s":{"0":5,"1":5,"2":5,"3":5,"4":1,"5":1,"6":1,"7":1,"8":0,"9":1,"10":0,"11":5},"f":{"0":1},"b":{"0":[0,1]}}
,"C:\\Users\\kfir2\\Desktop\\Teachers_Pet_Web\\Teachers_Pet_Web\\src\\routes\\auth_route.ts": {"path":"C:\\Users\\kfir2\\Desktop\\Teachers_Pet_Web\\Teachers_Pet_Web\\src\\routes\\auth_route.ts","statementMap":{"0":{"start":{"line":1,"column":0},"end":{"line":1,"column":30}},"1":{"start":{"line":2,"column":0},"end":{"line":2,"column":60}},"2":{"start":{"line":4,"column":15},"end":{"line":4,"column":31}},"3":{"start":{"line":23,"column":0},"end":{"line":23,"column":50}},"4":{"start":{"line":47,"column":0},"end":{"line":47,"column":44}},"5":{"start":{"line":86,"column":0},"end":{"line":86,"column":46}},"6":{"start":{"line":115,"column":0},"end":{"line":115,"column":48}},"7":{"start":{"line":155,"column":0},"end":{"line":155,"column":51}},"8":{"start":{"line":192,"column":0},"end":{"line":192,"column":22}}},"fnMap":{},"branchMap":{},"s":{"0":5,"1":5,"2":5,"3":5,"4":5,"5":5,"6":5,"7":5,"8":5},"f":{},"b":{}}
,"C:\\Users\\kfir2\\Desktop\\Teachers_Pet_Web\\Teachers_Pet_Web\\src\\routes\\comments_route.ts": {"path":"C:\\Users\\kfir2\\Desktop\\Teachers_Pet_Web\\Teachers_Pet_Web\\src\\routes\\comments_route.ts","statementMap":{"0":{"start":{"line":1,"column":0},"end":{"line":1,"column":30}},"1":{"start":{"line":2,"column":0},"end":{"line":2,"column":57}},"2":{"start":{"line":3,"column":0},"end":{"line":3,"column":53}},"3":{"start":{"line":5,"column":15},"end":{"line":5,"column":31}},"4":{"start":{"line":67,"column":0},"end":{"line":67,"column":43}},"5":{"start":{"line":97,"column":0},"end":{"line":97,"column":53}},"6":{"start":{"line":127,"column":0},"end":{"line":127,"column":56}},"7":{"start":{"line":172,"column":0},"end":{"line":172,"column":65}},"8":{"start":{"line":200,"column":0},"end":{"line":200,"column":62}},"9":{"start":{"line":236,"column":0},"end":{"line":236,"column":22}}},"fnMap":{},"branchMap":{},"s":{"0":5,"1":5,"2":5,"3":5,"4":5,"5":5,"6":5,"7":5,"8":5,"9":5},"f":{},"b":{}}
,"C:\\Users\\kfir2\\Desktop\\Teachers_Pet_Web\\Teachers_Pet_Web\\src\\routes\\posts_route.ts": {"path":"C:\\Users\\kfir2\\Desktop\\Teachers_Pet_Web\\Teachers_Pet_Web\\src\\routes\\posts_route.ts","statementMap":{"0":{"start":{"line":1,"column":0},"end":{"line":1,"column":30}},"1":{"start":{"line":2,"column":0},"end":{"line":2,"column":62}},"2":{"start":{"line":3,"column":0},"end":{"line":3,"column":53}},"3":{"start":{"line":5,"column":15},"end":{"line":5,"column":31}},"4":{"start":{"line":66,"column":0},"end":{"line":66,"column":48}},"5":{"start":{"line":89,"column":0},"end":{"line":89,"column":61}},"6":{"start":{"line":133,"column":0},"end":{"line":133,"column":48}},"7":{"start":{"line":163,"column":0},"end":{"line":163,"column":55}},"8":{"start":{"line":196,"column":0},"end":{"line":196,"column":67}},"9":{"start":{"line":232,"column":0},"end":{"line":232,"column":22}}},"fnMap":{},"branchMap":{},"s":{"0":5,"1":5,"2":5,"3":5,"4":5,"5":5,"6":5,"7":5,"8":5,"9":5},"f":{},"b":{}}
,"C:\\Users\\kfir2\\Desktop\\Teachers_Pet_Web\\Teachers_Pet_Web\\src\\routes\\users_route.ts": {"path":"C:\\Users\\kfir2\\Desktop\\Teachers_Pet_Web\\Teachers_Pet_Web\\src\\routes\\users_route.ts","statementMap":{"0":{"start":{"line":1,"column":0},"end":{"line":1,"column":30}},"1":{"start":{"line":2,"column":0},"end":{"line":2,"column":62}},"2":{"start":{"line":3,"column":0},"end":{"line":3,"column":53}},"3":{"start":{"line":5,"column":15},"end":{"line":5,"column":31}},"4":{"start":{"line":67,"column":0},"end":{"line":67,"column":48}},"5":{"start":{"line":90,"column":0},"end":{"line":90,"column":48}},"6":{"start":{"line":120,"column":0},"end":{"line":120,"column":45}},"7":{"start":{"line":163,"column":0},"end":{"line":163,"column":67}},"8":{"start":{"line":199,"column":0},"end":{"line":199,"column":70}},"9":{"start":{"line":227,"column":0},"end":{"line":227,"column":22}}},"fnMap":{},"branchMap":{},"s":{"0":5,"1":5,"2":5,"3":5,"4":5,"5":5,"6":5,"7":5,"8":5,"9":5},"f":{},"b":{}}
,"C:\\Users\\kfir2\\Desktop\\Teachers_Pet_Web\\Teachers_Pet_Web\\src\\utils\\auth.ts": {"path":"C:\\Users\\kfir2\\Desktop\\Teachers_Pet_Web\\Teachers_Pet_Web\\src\\utils\\auth.ts","statementMap":{"0":{"start":{"line":1,"column":0},"end":{"line":1,"column":31}},"1":{"start":{"line":3,"column":0},"end":{"line":3,"column":61}},"2":{"start":{"line":5,"column":22},"end":{"line":32,"column":1}},"3":{"start":{"line":6,"column":2},"end":{"line":8,"column":3}},"4":{"start":{"line":7,"column":4},"end":{"line":7,"column":16}},"5":{"start":{"line":10,"column":22},"end":{"line":10,"column":46}},"6":{"start":{"line":11,"column":22},"end":{"line":17,"column":null}},"7":{"start":{"line":20,"column":23},"end":{"line":26,"column":null}},"8":{"start":{"line":28,"column":2},"end":{"line":31,"column":4}},"9":{"start":{"line":80,"column":9},"end":{"line":80,"column":22}},"10":{"start":{"line":34,"column":27},"end":{"line":78,"column":1}},"11":{"start":{"line":35,"column":2},"end":{"line":77,"column":5}},"12":{"start":{"line":36,"column":4},"end":{"line":39,"column":5}},"13":{"start":{"line":37,"column":6},"end":{"line":37,"column":21}},"14":{"start":{"line":38,"column":6},"end":{"line":38,"column":13}},"15":{"start":{"line":40,"column":4},"end":{"line":43,"column":5}},"16":{"start":{"line":41,"column":6},"end":{"line":41,"column":21}},"17":{"start":{"line":42,"column":6},"end":{"line":42,"column":13}},"18":{"start":{"line":44,"column":4},"end":{"line":76,"column":6}},"19":{"start":{"line":48,"column":8},"end":{"line":51,"column":9}},"20":{"start":{"line":49,"column":10},"end":{"line":49,"column":25}},"21":{"start":{"line":50,"column":10},"end":{"line":50,"column":17}},"22":{"start":{"line":52,"column":23},"end":{"line":52,"column":34}},"23":{"start":{"line":53,"column":8},"end":{"line":74,"column":9}},"24":{"start":{"line":54,"column":23},"end":{"line":54,"column":56}},"25":{"start":{"line":55,"column":10},"end":{"line":58,"column":11}},"26":{"start":{"line":56,"column":12},"end":{"line":56,"column":27}},"27":{"start":{"line":57,"column":12},"end":{"line":57,"column":19}},"28":{"start":{"line":59,"column":10},"end":{"line":64,"column":11}},"29":{"start":{"line":60,"column":12},"end":{"line":60,"column":35}},"30":{"start":{"line":61,"column":12},"end":{"line":61,"column":30}},"31":{"start":{"line":62,"column":12},"end":{"line":62,"column":27}},"32":{"start":{"line":63,"column":12},"end":{"line":63,"column":19}},"33":{"start":{"line":65,"column":25},"end":{"line":66,"column":null}},"34":{"start":{"line":66,"column":23},"end":{"line":66,"column":45}},"35":{"start":{"line":68,"column":10},"end":{"line":68,"column":37}},"36":{"start":{"line":70,"column":10},"end":{"line":70,"column":24}},"37":{"start":{"line":72,"column":10},"end":{"line":72,"column":25}},"38":{"start":{"line":73,"column":10},"end":{"line":73,"column":17}},"39":{"start":{"line":80,"column":24},"end":{"line":80,"column":42}}},"fnMap":{"0":{"name":"(anonymous_1)","decl":{"start":{"line":5,"column":22},"end":{"line":5,"column":23}},"loc":{"start":{"line":5,"column":56},"end":{"line":32,"column":1}}},"1":{"name":"(anonymous_2)","decl":{"start":{"line":34,"column":27},"end":{"line":34,"column":28}},"loc":{"start":{"line":34,"column":64},"end":{"line":78,"column":1}}},"2":{"name":"(anonymous_3)","decl":{"start":{"line":35,"column":31},"end":{"line":35,"column":32}},"loc":{"start":{"line":35,"column":51},"end":{"line":77,"column":3}}},"3":{"name":"(anonymous_4)","decl":{"start":{"line":47,"column":6},"end":{"line":47,"column":11}},"loc":{"start":{"line":47,"column":39},"end":{"line":75,"column":7}}},"4":{"name":"(anonymous_5)","decl":{"start":{"line":66,"column":12},"end":{"line":66,"column":13}},"loc":{"start":{"line":66,"column":23},"end":{"line":66,"column":45}}}},"branchMap":{"0":{"loc":{"start":{"line":6,"column":2},"end":{"line":8,"column":3}},"type":"if","locations":[{"start":{"line":6,"column":2},"end":{"line":8,"column":3}}]},"1":{"loc":{"start":{"line":36,"column":4},"end":{"line":39,"column":5}},"type":"if","locations":[{"start":{"line":36,"column":4},"end":{"line":39,"column":5}}]},"2":{"loc":{"start":{"line":40,"column":4},"end":{"line":43,"column":5}},"type":"if","locations":[{"start":{"line":40,"column":4},"end":{"line":43,"column":5}}]},"3":{"loc":{"start":{"line":48,"column":8},"end":{"line":51,"column":9}},"type":"if","locations":[{"start":{"line":48,"column":8},"end":{"line":51,"column":9}}]},"4":{"loc":{"start":{"line":55,"column":10},"end":{"line":58,"column":11}},"type":"if","locations":[{"start":{"line":55,"column":10},"end":{"line":58,"column":11}}]},"5":{"loc":{"start":{"line":59,"column":10},"end":{"line":64,"column":11}},"type":"if","locations":[{"start":{"line":59,"column":10},"end":{"line":64,"column":11}}]},"6":{"loc":{"start":{"line":59,"column":14},"end":{"line":59,"column":77}},"type":"binary-expr","locations":[{"start":{"line":59,"column":14},"end":{"line":59,"column":32}},{"start":{"line":59,"column":36},"end":{"line":59,"column":77}}]}},"s":{"0":5,"1":5,"2":5,"3":6,"4":0,"5":6,"6":6,"7":6,"8":6,"9":5,"10":5,"11":5,"12":5,"13":3,"14":3,"15":2,"16":0,"17":0,"18":2,"19":2,"20":0,"21":0,"22":2,"23":2,"24":2,"25":2,"26":0,"27":0,"28":2,"29":0,"30":0,"31":0,"32":0,"33":2,"34":3,"35":2,"36":2,"37":0,"38":0,"39":5},"f":{"0":6,"1":5,"2":5,"3":2,"4":3},"b":{"0":[0],"1":[3],"2":[0],"3":[0],"4":[0],"5":[0],"6":[2,2]}}
,"C:\\Users\\kfir2\\Desktop\\Teachers_Pet_Web\\Teachers_Pet_Web\\src\\utils\\googleAuth.ts": {"path":"C:\\Users\\kfir2\\Desktop\\Teachers_Pet_Web\\Teachers_Pet_Web\\src\\utils\\googleAuth.ts","statementMap":{"0":{"start":{"line":1,"column":0},"end":{"line":1,"column":51}},"1":{"start":{"line":4,"column":15},"end":{"line":4,"column":61}},"2":{"start":{"line":6,"column":33},"end":{"line":27,"column":1}},"3":{"start":{"line":7,"column":2},"end":{"line":26,"column":3}},"4":{"start":{"line":8,"column":4},"end":{"line":10,"column":5}},"5":{"start":{"line":9,"column":6},"end":{"line":9,"column":50}},"6":{"start":{"line":12,"column":23},"end":{"line":15,"column":6}},"7":{"start":{"line":17,"column":20},"end":{"line":17,"column":43}},"8":{"start":{"line":18,"column":4},"end":{"line":18,"column":59}},"9":{"start":{"line":18,"column":18},"end":{"line":18,"column":59}},"10":{"start":{"line":20,"column":4},"end":{"line":23,"column":42}},"11":{"start":{"line":25,"column":4},"end":{"line":25,"column":44}},"12":{"start":{"line":6,"column":13},"end":{"line":6,"column":33}}},"fnMap":{"0":{"name":"(anonymous_0)","decl":{"start":{"line":6,"column":33},"end":{"line":6,"column":38}},"loc":{"start":{"line":6,"column":57},"end":{"line":27,"column":1}}}},"branchMap":{"0":{"loc":{"start":{"line":8,"column":4},"end":{"line":10,"column":5}},"type":"if","locations":[{"start":{"line":8,"column":4},"end":{"line":10,"column":5}}]},"1":{"loc":{"start":{"line":18,"column":4},"end":{"line":18,"column":59}},"type":"if","locations":[{"start":{"line":18,"column":4},"end":{"line":18,"column":59}}]}},"s":{"0":5,"1":5,"2":5,"3":0,"4":0,"5":0,"6":0,"7":0,"8":0,"9":0,"10":0,"11":0,"12":5},"f":{"0":0},"b":{"0":[0],"1":[0]}}
}
