TN:
SF:src\server.ts
FN:20,(anonymous_1)
FN:21,(anonymous_2)
FN:32,(anonymous_3)
FN:50,(anonymous_4)
FN:51,(anonymous_5)
FN:54,(anonymous_6)
FN:57,(anonymous_7)
FNF:7
FNH:4
FNDA:0,(anonymous_1)
FNDA:5,(anonymous_2)
FNDA:0,(anonymous_3)
FNDA:5,(anonymous_4)
FNDA:5,(anonymous_5)
FNDA:5,(anonymous_6)
FNDA:0,(anonymous_7)
DA:1,5
DA:2,5
DA:3,5
DA:4,5
DA:5,5
DA:6,5
DA:7,5
DA:8,5
DA:9,5
DA:10,5
DA:11,5
DA:13,5
DA:14,5
DA:15,5
DA:17,5
DA:18,5
DA:20,5
DA:21,5
DA:23,5
DA:24,5
DA:26,5
DA:27,5
DA:28,5
DA:29,5
DA:30,5
DA:32,5
DA:33,0
DA:45,0
DA:46,0
DA:50,5
DA:51,5
DA:52,5
DA:55,5
DA:58,0
LF:34
LH:30
BRF:0
BRH:0
end_of_record
TN:
SF:src\controllers\ai_controller.ts
FN:3,(anonymous_0)
FN:7,(anonymous_1)
FNF:2
FNH:1
FNDA:1,(anonymous_0)
FNDA:0,(anonymous_1)
DA:1,5
DA:3,5
DA:4,1
DA:5,1
DA:7,1
DA:8,0
DA:9,0
DA:12,1
DA:15,5
LF:9
LH:7
BRF:0
BRH:0
end_of_record
TN:
SF:src\controllers\auth_controller.ts
FN:9,(anonymous_1)
FN:25,(anonymous_2)
FN:64,(anonymous_3)
FN:74,(anonymous_4)
FN:101,(anonymous_5)
FNF:5
FNH:4
FNDA:5,(anonymous_1)
FNDA:8,(anonymous_2)
FNDA:2,(anonymous_3)
FNDA:3,(anonymous_4)
FNDA:0,(anonymous_5)
DA:2,5
DA:3,5
DA:4,5
DA:5,5
DA:6,5
DA:9,5
DA:10,5
DA:11,5
DA:12,5
DA:13,5
DA:14,4
DA:19,4
DA:21,1
DA:25,5
DA:26,8
DA:27,8
DA:28,8
DA:29,1
DA:30,1
DA:32,7
DA:36,7
DA:37,1
DA:38,1
DA:40,6
DA:41,1
DA:42,1
DA:44,5
DA:45,5
DA:46,0
DA:47,0
DA:49,5
DA:50,0
DA:52,5
DA:53,5
DA:54,5
DA:60,0
DA:64,5
DA:65,2
DA:66,2
DA:67,1
DA:68,1
DA:70,1
DA:74,5
DA:75,3
DA:76,3
DA:77,1
DA:78,0
DA:79,0
DA:81,1
DA:82,1
DA:83,0
DA:84,0
DA:86,1
DA:87,0
DA:89,1
DA:90,1
DA:91,1
DA:97,2
DA:101,5
DA:103,0
DA:104,0
DA:106,0
DA:107,0
DA:110,0
DA:111,0
DA:113,0
DA:114,0
DA:122,0
DA:123,0
DA:125,0
DA:132,0
DA:134,0
DA:139,5
LF:73
LH:51
BRDA:28,0,0,1
BRDA:36,1,0,1
BRDA:40,2,0,1
BRDA:45,3,0,0
BRDA:49,4,0,0
BRDA:77,5,0,0
BRDA:82,6,0,0
BRDA:86,7,0,0
BRDA:106,8,0,0
BRDA:113,9,0,0
BRF:10
BRH:3
end_of_record
TN:
SF:src\controllers\comments_controller.ts
FN:3,(anonymous_1)
FN:17,(anonymous_2)
FN:31,(anonymous_3)
FN:41,(anonymous_4)
FN:51,(anonymous_5)
FNF:5
FNH:5
FNDA:2,(anonymous_1)
FNDA:2,(anonymous_2)
FNDA:4,(anonymous_3)
FNDA:2,(anonymous_4)
FNDA:2,(anonymous_5)
DA:1,5
DA:3,5
DA:4,2
DA:5,2
DA:6,2
DA:7,2
DA:8,1
DA:10,1
DA:13,0
DA:17,5
DA:18,2
DA:19,2
DA:20,2
DA:21,1
DA:22,1
DA:24,0
DA:27,1
DA:31,5
DA:32,4
DA:33,4
DA:34,4
DA:35,3
DA:37,1
DA:41,5
DA:42,2
DA:43,2
DA:44,2
DA:45,1
DA:47,1
DA:51,5
DA:52,2
DA:53,2
DA:55,2
DA:56,2
DA:60,1
DA:61,0
DA:64,1
DA:67,1
DA:71,5
LF:39
LH:36
BRDA:7,0,0,1
BRDA:7,0,1,1
BRDA:7,1,0,2
BRDA:7,1,1,2
BRDA:21,2,0,1
BRDA:21,2,1,0
BRDA:60,3,0,0
BRF:7
BRH:5
end_of_record
TN:
SF:src\controllers\posts_controller.ts
FN:3,(anonymous_1)
FN:12,(anonymous_2)
FN:22,(anonymous_3)
FN:37,(anonymous_4)
FN:52,(anonymous_5)
FNF:5
FNH:5
FNDA:2,(anonymous_1)
FNDA:3,(anonymous_2)
FNDA:2,(anonymous_3)
FNDA:2,(anonymous_4)
FNDA:2,(anonymous_5)
DA:1,5
DA:3,5
DA:4,2
DA:5,2
DA:6,2
DA:8,0
DA:12,5
DA:13,3
DA:14,3
DA:15,3
DA:16,2
DA:18,1
DA:22,5
DA:23,2
DA:25,2
DA:26,2
DA:27,1
DA:28,1
DA:30,0
DA:33,1
DA:37,5
DA:38,2
DA:40,2
DA:41,2
DA:42,2
DA:43,1
DA:45,1
DA:48,0
DA:52,5
DA:53,2
DA:54,2
DA:56,2
DA:57,2
DA:58,1
DA:60,1
DA:64,5
LF:36
LH:33
BRDA:27,0,0,1
BRDA:27,0,1,0
BRDA:42,1,0,1
BRDA:42,1,1,1
BRF:4
BRH:3
end_of_record
TN:
SF:src\controllers\users_controller.ts
FN:3,(anonymous_1)
FN:12,(anonymous_2)
FN:27,(anonymous_3)
FN:37,(anonymous_4)
FN:53,(anonymous_5)
FN:68,(anonymous_6)
FN:76,(anonymous_7)
FN:80,(anonymous_8)
FNF:8
FNH:5
FNDA:1,(anonymous_1)
FNDA:2,(anonymous_2)
FNDA:2,(anonymous_3)
FNDA:2,(anonymous_4)
FNDA:2,(anonymous_5)
FNDA:0,(anonymous_6)
FNDA:0,(anonymous_7)
FNDA:0,(anonymous_8)
DA:1,5
DA:3,5
DA:4,1
DA:5,1
DA:6,1
DA:8,0
DA:12,5
DA:13,2
DA:15,2
DA:16,2
DA:17,1
DA:18,1
DA:20,0
DA:23,1
DA:27,5
DA:28,2
DA:29,2
DA:30,2
DA:31,1
DA:33,1
DA:37,5
DA:38,2
DA:39,2
DA:41,2
DA:42,2
DA:43,1
DA:44,0
DA:46,1
DA:49,1
DA:53,5
DA:54,2
DA:56,2
DA:57,2
DA:58,1
DA:59,0
DA:61,1
DA:64,1
DA:68,5
DA:69,0
DA:70,0
DA:71,0
DA:73,0
DA:76,5
DA:77,0
DA:80,5
DA:81,0
DA:83,5
LF:47
LH:37
BRDA:17,0,0,1
BRDA:17,0,1,0
BRDA:43,1,0,0
BRDA:43,1,1,1
BRDA:58,2,0,0
BRDA:58,2,1,1
BRDA:70,3,0,0
BRF:7
BRH:3
end_of_record
TN:
SF:src\middlewares\auth.ts
FN:5,(anonymous_1)
FN:22,(anonymous_2)
FNF:2
FNH:2
FNDA:19,(anonymous_1)
FNDA:17,(anonymous_2)
DA:2,5
DA:5,5
DA:10,19
DA:11,19
DA:13,19
DA:14,1
DA:15,1
DA:17,18
DA:18,1
DA:19,1
DA:22,17
DA:23,17
DA:24,0
DA:25,0
DA:27,17
DA:28,17
LF:16
LH:14
BRDA:11,0,0,19
BRDA:11,0,1,18
BRDA:13,1,0,1
BRDA:17,2,0,1
BRDA:23,3,0,0
BRF:5
BRH:4
end_of_record
TN:
SF:src\models\comments_model.ts
FNF:0
FNH:0
DA:1,5
DA:3,5
DA:18,5
DA:20,5
LF:4
LH:4
BRF:0
BRH:0
end_of_record
TN:
SF:src\models\posts_model.ts
FNF:0
FNH:0
DA:1,5
DA:3,5
DA:15,5
DA:17,5
LF:4
LH:4
BRF:0
BRH:0
end_of_record
TN:
SF:src\models\users_model.ts
FNF:0
FNH:0
DA:1,5
DA:19,5
DA:38,5
DA:40,5
LF:4
LH:4
BRF:0
BRH:0
end_of_record
TN:
SF:src\routes\ai_route.ts
FN:45,(anonymous_1)
FNF:1
FNH:1
FNDA:1,(anonymous_1)
DA:1,5
DA:2,5
DA:4,5
DA:45,5
DA:46,1
DA:48,1
DA:49,1
DA:51,1
DA:52,1
DA:54,0
DA:58,5
LF:11
LH:10
BRDA:51,0,0,0
BRDA:51,0,1,1
BRF:2
BRH:1
end_of_record
TN:
SF:src\routes\auth_route.ts
FNF:0
FNH:0
DA:1,5
DA:2,5
DA:4,5
DA:23,5
DA:47,5
DA:86,5
DA:115,5
DA:155,5
DA:192,5
LF:9
LH:9
BRF:0
BRH:0
end_of_record
TN:
SF:src\routes\comments_route.ts
FNF:0
FNH:0
DA:1,5
DA:2,5
DA:3,5
DA:5,5
DA:67,5
DA:97,5
DA:127,5
DA:172,5
DA:200,5
DA:236,5
LF:10
LH:10
BRF:0
BRH:0
end_of_record
TN:
SF:src\routes\posts_route.ts
FNF:0
FNH:0
DA:1,5
DA:2,5
DA:3,5
DA:5,5
DA:66,5
DA:89,5
DA:133,5
DA:163,5
DA:196,5
DA:232,5
LF:10
LH:10
BRF:0
BRH:0
end_of_record
TN:
SF:src\routes\users_route.ts
FNF:0
FNH:0
DA:1,5
DA:2,5
DA:3,5
DA:5,5
DA:67,5
DA:90,5
DA:120,5
DA:163,5
DA:199,5
DA:227,5
LF:10
LH:10
BRF:0
BRH:0
end_of_record
TN:
SF:src\utils\auth.ts
FN:5,(anonymous_1)
FN:34,(anonymous_2)
FN:35,(anonymous_3)
FN:47,(anonymous_4)
FN:66,(anonymous_5)
FNF:5
FNH:5
FNDA:6,(anonymous_1)
FNDA:5,(anonymous_2)
FNDA:5,(anonymous_3)
FNDA:2,(anonymous_4)
FNDA:3,(anonymous_5)
DA:1,5
DA:3,5
DA:5,5
DA:6,6
DA:7,0
DA:10,6
DA:11,6
DA:20,6
DA:28,6
DA:34,5
DA:35,5
DA:36,5
DA:37,3
DA:38,3
DA:40,2
DA:41,0
DA:42,0
DA:44,2
DA:48,2
DA:49,0
DA:50,0
DA:52,2
DA:53,2
DA:54,2
DA:55,2
DA:56,0
DA:57,0
DA:59,2
DA:60,0
DA:61,0
DA:62,0
DA:63,0
DA:65,2
DA:66,3
DA:68,2
DA:70,2
DA:72,0
DA:73,0
DA:80,5
LF:39
LH:26
BRDA:6,0,0,0
BRDA:36,1,0,3
BRDA:40,2,0,0
BRDA:48,3,0,0
BRDA:55,4,0,0
BRDA:59,5,0,0
BRDA:59,6,0,2
BRDA:59,6,1,2
BRF:8
BRH:3
end_of_record
TN:
SF:src\utils\googleAuth.ts
FN:6,(anonymous_0)
FNF:1
FNH:0
FNDA:0,(anonymous_0)
DA:1,5
DA:4,5
DA:6,5
DA:7,0
DA:8,0
DA:9,0
DA:12,0
DA:17,0
DA:18,0
DA:20,0
DA:25,0
LF:11
LH:3
BRDA:8,0,0,0
BRDA:18,1,0,0
BRF:2
BRH:0
end_of_record
